<?xml version="1.0" encoding="UTF-8"?>
<testng-results ignored="0" total="1" passed="1" failed="0" skipped="0">
  <reporter-output>
  </reporter-output>
  <suite started-at="2023-02-12T13:43:23 IST" name="Suite" finished-at="2023-02-12T13:44:05 IST" duration-ms="42172">
    <groups>
    </groups>
    <test started-at="2023-02-12T13:43:23 IST" name="Test" finished-at="2023-02-12T13:44:05 IST" duration-ms="42172">
      <class name="Test_Classes.Test_Class">
        <test-method is-config="true" signature="openBrowser12()[pri:0, instance:Test_Classes.Test_Class@3c19aaa5]" started-at="2023-02-12T13:43:23 IST" name="openBrowser12" finished-at="2023-02-12T13:43:56 IST" duration-ms="32612" status="PASS">
          <reporter-output>
          </reporter-output>
        </test-method> <!-- openBrowser12 -->
        <test-method is-config="true" signature="login12()[pri:0, instance:Test_Classes.Test_Class@3c19aaa5]" started-at="2023-02-12T13:43:56 IST" name="login12" finished-at="2023-02-12T13:44:02 IST" duration-ms="5909" status="PASS">
          <reporter-output>
          </reporter-output>
        </test-method> <!-- login12 -->
        <test-method signature="verifyusername12()[pri:0, instance:Test_Classes.Test_Class@3c19aaa5]" started-at="2023-02-12T13:44:02 IST" name="verifyusername12" finished-at="2023-02-12T13:44:02 IST" duration-ms="760" status="PASS">
          <reporter-output>
          </reporter-output>
        </test-method> <!-- verifyusername12 -->
        <test-method is-config="true" signature="logout12(org.testng.ITestResult)[pri:0, instance:Test_Classes.Test_Class@3c19aaa5]" started-at="2023-02-12T13:44:02 IST" name="logout12" finished-at="2023-02-12T13:44:03 IST" duration-ms="1208" status="PASS">
          <params>
            <param index="0">
              <value>
                <![CDATA[[TestResult name=verifyusername12 status=SUCCESS method=Test_Class.verifyusername12()[pri:0, instance:Test_Classes.Test_Class@3c19aaa5] output={null}]]]>
              </value>
            </param>
          </params>
          <reporter-output>
          </reporter-output>
        </test-method> <!-- logout12 -->
        <test-method is-config="true" signature="closeBrowser()[pri:0, instance:Test_Classes.Test_Class@3c19aaa5]" started-at="2023-02-12T13:44:03 IST" name="closeBrowser" finished-at="2023-02-12T13:44:05 IST" duration-ms="1578" status="PASS">
          <reporter-output>
          </reporter-output>
        </test-method> <!-- closeBrowser -->
      </class> <!-- Test_Classes.Test_Class -->
    </test> <!-- Test -->
  </suite> <!-- Suite -->
</testng-results>
